<?xml version="1.0" encoding="UTF-8"?>
<!-- Generated by org.testng.reporters.JUnitReportReporter -->
<testsuite hostname="DESKTOP-1CCS179" failures="0" tests="2" name="com.odoo.testLayer.LoginTest" time="11.557" errors="0" timestamp="2024-07-09T08:53:11 IST" skipped="0">
  <testcase classname="com.odoo.testLayer.LoginTest" name="verifyLoginTestWithValidDetails" time="6.453"/>
  <system-out/>
  <testcase classname="com.odoo.testLayer.LoginTest" name="verifyLoginTestWithInValidDetails" time="5.104"/>
  <system-out/>
</testsuite> <!-- com.odoo.testLayer.LoginTest -->
