<?xml version="1.0" encoding="UTF-8"?>
<!-- Generated by org.testng.reporters.JUnitReportReporter -->
<testsuite hostname="DESKTOP-1CCS179" failures="0" tests="1" name="com.odoo.testLayer.BuyProductTest" time="23.613" errors="0" timestamp="2024-07-09T08:53:11 IST" skipped="0">
  <testcase classname="com.odoo.testLayer.BuyProductTest" name="verifyBuyProductTest" time="23.613"/>
  <system-out/>
</testsuite> <!-- com.odoo.testLayer.BuyProductTest -->
